2019-04-04T10:19:11.380Z - normal: Load ~/.CocosCreator/settings.json
2019-04-04T10:19:11.431Z - normal: Initializing Asset Database
2019-04-04T10:19:11.446Z - normal: checking language setting...
2019-04-04T10:19:11.446Z - normal: Language: zh
2019-04-04T10:19:12.075Z - success: preview server running at http://localhost:7457
2019-04-04T10:19:12.082Z - success: protocol editor-framework registered
2019-04-04T10:19:12.082Z - success: protocol app registered
2019-04-04T10:19:12.082Z - success: protocol theme registered
2019-04-04T10:19:12.082Z - success: protocol packages registered
2019-04-04T10:19:12.082Z - success: protocol uuid registerred
2019-04-04T10:19:12.082Z - success: protocol db registerred
2019-04-04T10:19:12.082Z - success: protocol thumbnail registerred
2019-04-04T10:19:12.083Z - success: protocol unpack registerred
2019-04-04T10:19:12.083Z - success: protocol disable-commonjs registerred
2019-04-04T10:19:12.213Z - normal: connected!
2019-04-04T10:19:12.214Z - normal: Check project /Users/7cgames/Desktop/four/CAR
2019-04-04T10:19:12.215Z - normal: Initializing project /Users/7cgames/Desktop/four/CAR
2019-04-04T10:19:12.583Z - normal: Initializing Cocos2d
2019-04-04T10:19:13.318Z - normal: Initializing engine extends
2019-04-04T10:19:13.337Z - success: asset-db-debugger loaded
2019-04-04T10:19:13.338Z - success: baidu-adapter loaded
2019-04-04T10:19:13.339Z - success: color-picker loaded
2019-04-04T10:19:13.419Z - success: fb-audience-network loaded
2019-04-04T10:19:13.462Z - success: fb-live-stream loaded
2019-04-04T10:19:13.464Z - success: google-play-instant loaded
2019-04-04T10:19:13.468Z - success: huawei-runtime loaded
2019-04-04T10:19:13.469Z - success: jsb-adapter loaded
2019-04-04T10:19:13.473Z - success: oppo-runtime loaded
2019-04-04T10:19:13.477Z - success: package-manager loaded
2019-04-04T10:19:13.590Z - success: qqplay-adapter loaded
2019-04-04T10:19:13.592Z - success: runtime-dev-tools loaded
2019-04-04T10:19:13.597Z - success: sdkbox loaded
2019-04-04T10:19:13.601Z - success: tester loaded
2019-04-04T10:19:13.605Z - success: ui-grid loaded
2019-04-04T10:19:13.608Z - success: ui-kit-preview-extra loaded
2019-04-04T10:19:13.611Z - success: ui-kit-preview loaded
2019-04-04T10:19:13.614Z - success: ui-kit loaded
2019-04-04T10:19:13.617Z - success: ui-tree loaded
2019-04-04T10:19:13.620Z - success: vivo-runtime loaded
2019-04-04T10:19:13.621Z - success: weapp-adapter loaded
2019-04-04T10:19:13.662Z - success: assets loaded
2019-04-04T10:19:13.666Z - success: builder loaded
2019-04-04T10:19:13.901Z - success: cocos-services loaded
2019-04-04T10:19:13.906Z - success: console loaded
2019-04-04T10:19:13.939Z - success: fb-instant-games loaded
2019-04-04T10:19:13.943Z - success: google-instant-games loaded
2019-04-04T10:19:13.948Z - success: hierarchy loaded
2019-04-04T10:19:13.953Z - success: inspector loaded
2019-04-04T10:19:13.954Z - success: keystore loaded
2019-04-04T10:19:13.959Z - success: node-library loaded
2019-04-04T10:19:13.961Z - success: package-asset loaded
2019-04-04T10:19:13.962Z - success: preferences loaded
2019-04-04T10:19:13.965Z - success: project-exporter loaded
2019-04-04T10:19:13.970Z - success: project-importer loaded
2019-04-04T10:19:13.973Z - success: project-settings loaded
2019-04-04T10:19:13.978Z - success: scene loaded
2019-04-04T10:19:13.980Z - success: simulator-debugger loaded
2019-04-04T10:19:13.983Z - success: sprite-editor loaded
2019-04-04T10:19:13.987Z - success: store loaded
2019-04-04T10:19:13.991Z - success: timeline loaded
2019-04-04T10:19:15.941Z - normal: Loading packages
2019-04-04T10:19:15.961Z - normal: Watching packages
2019-04-04T10:19:16.064Z - normal: Run Application
2019-04-04T10:19:16.320Z - info: Cocos Services load base data!
2019-04-04T10:19:21.651Z - warn: Can not serialize 'CCClass.m_BlockData' because the specified type is anonymous, please provide a class name or set the 'serializable' attribute of 'CCClass.m_BlockData' to 'false'.
2019-04-04T10:19:21.652Z - warn: Can not serialize 'CCClass.m_subPackageDatas' because the specified type is anonymous, please provide a class name or set the 'serializable' attribute of 'CCClass.m_subPackageDatas' to 'false'.
2019-04-04T10:19:21.653Z - warn: Can not serialize 'GameDataManagerJS.m_PackageDatas' because the specified type is anonymous, please provide a class name or set the 'serializable' attribute of 'GameDataManagerJS.m_PackageDatas' to 'false'.
2019-04-04T10:19:21.654Z - warn: Can not serialize 'GameDataManagerJS.m_gameBoxInfoList' because the specified type is anonymous, please provide a class name or set the 'serializable' attribute of 'GameDataManagerJS.m_gameBoxInfoList' to 'false'.
2019-04-04T10:19:21.669Z - warn: Should not specify class name RankJS for Component which defines in project.
2019-04-04T10:19:21.679Z - warn: Can not instantiate CCClass 'undefined' with arguments.
2019-04-04T10:19:21.680Z - warn: The 'type' attribute of 'gameplay.m_pHintBlock' is undefined when loading script
2019-04-04T10:24:03.823Z - normal: Start building with options : {
  "actualPlatform": "wechatgame",
  "android-instant": {
    "REMOTE_SERVER_ROOT": "",
    "host": "",
    "pathPattern": "",
    "recordPath": "",
    "scheme": "https",
    "skipRecord": false
  },
  "apiLevel": "",
  "appABIs": [],
  "appBundle": false,
  "baidugame": {
    "REMOTE_SERVER_ROOT": "",
    "appid": "testappid",
    "orientation": "portrait",
    "subContext": ""
  },
  "buildPath": "/Users/7cgames/Desktop/four",
  "debug": false,
  "dest": "/Users/7cgames/Desktop/four/wechatgame",
  "embedWebDebugger": false,
  "encryptJs": true,
  "excludeScenes": [],
  "excludedModules": [
    "Dynamic Atlas",
    "ParticleSystem",
    "TiledMap",
    "Spine Skeleton",
    "DragonBones",
    "RichText",
    "MotionStreak",
    "EditBox",
    "Collider",
    "Physics",
    "NodePool"
  ],
  "fb-instant-games": {},
  "includeSDKBox": false,
  "inlineSpriteFrames": true,
  "inlineSpriteFrames_native": true,
  "md5Cache": false,
  "mergeStartScene": false,
  "optimizeHotUpdate": false,
  "orientation": {
    "landscapeLeft": true,
    "landscapeRight": true,
    "portrait": false,
    "upsideDown": false
  },
  "packageName": "org.cocos2d.CAR",
  "platform": "wechatgame",
  "previewHeight": "720",
  "previewWidth": "1280",
  "qqplay": {
    "REMOTE_SERVER_ROOT": "",
    "orientation": "portrait",
    "zip": false
  },
  "scenes": [
    "0d9abb2f-8a01-4c5a-b0fb-453c4cc2170e",
    "ced5f993-1674-4443-9160-26b7059d628e",
    "bfbf8a0c-6a55-43d2-86b8-c436ab5c50c3",
    "cec502e6-6932-4ae0-bac4-6d742f717410",
    "a43eae38-e844-4285-86b0-6dfaf3cdc003"
  ],
  "sourceMaps": false,
  "startScene": "0d9abb2f-8a01-4c5a-b0fb-453c4cc2170e",
  "template": "link",
  "title": "CAR",
  "useDebugKeystore": true,
  "vsVersion": "auto",
  "webOrientation": "auto",
  "wechatgame": {
    "REMOTE_SERVER_ROOT": "",
    "appid": "",
    "orientation": "portrait",
    "subContext": "cargame"
  },
  "xxteaKey": "5396257e-6229-4e",
  "zipCompressJs": true,
  "project": "/Users/7cgames/Desktop/four/CAR",
  "projectName": "CAR",
  "debugBuildWorker": false
}
2019-04-04T10:24:03.827Z - normal: Building /Users/7cgames/Desktop/four/CAR
2019-04-04T10:24:03.827Z - normal: Destination /Users/7cgames/Desktop/four/wechatgame
2019-04-04T10:24:04.334Z - normal: Delete /Users/7cgames/Desktop/four/wechatgame/subpackages/**/*,/Users/7cgames/Desktop/four/wechatgame/**/*,!/Users/7cgames/Desktop/four/wechatgame/cargame,!/Users/7cgames/Desktop/four/wechatgame/cargame/**/*
2019-04-04T10:24:07.382Z - normal: Start building assets
2019-04-04T10:24:07.383Z - normal: Start spawn build-worker
2019-04-04T10:24:07.997Z - normal: Finish spawn build-worker
2019-04-04T10:24:07.997Z - normal: Start init build-worker
2019-04-04T10:24:10.789Z - warn: Can not serialize 'CCClass.m_BlockData' because the specified type is anonymous, please provide a class name or set the 'serializable' attribute of 'CCClass.m_BlockData' to 'false'.
2019-04-04T10:24:10.789Z - warn: Can not serialize 'CCClass.m_subPackageDatas' because the specified type is anonymous, please provide a class name or set the 'serializable' attribute of 'CCClass.m_subPackageDatas' to 'false'.
2019-04-04T10:24:10.791Z - warn: Can not serialize 'GameDataManagerJS.m_PackageDatas' because the specified type is anonymous, please provide a class name or set the 'serializable' attribute of 'GameDataManagerJS.m_PackageDatas' to 'false'.
2019-04-04T10:24:10.791Z - warn: Can not serialize 'GameDataManagerJS.m_gameBoxInfoList' because the specified type is anonymous, please provide a class name or set the 'serializable' attribute of 'GameDataManagerJS.m_gameBoxInfoList' to 'false'.
2019-04-04T10:24:10.813Z - warn: The 'type' attribute of 'gameplay.m_pHintBlock' is undefined when loading script
2019-04-04T10:24:10.819Z - normal: Finish init build-worker
2019-04-04T10:24:10.819Z - normal: Start build-assets in worker
2019-04-04T10:24:12.323Z - normal: Finish build-assets in worker
2019-04-04T10:24:12.325Z - normal: Finish building assets
2019-04-04T10:24:12.349Z - normal: Start building plugin scripts
2019-04-04T10:24:12.402Z - normal: Generating main.js from /Applications/CocosCreator.app/Contents/Resources/static/build-templates/shares/main.js
2019-04-04T10:24:14.017Z - normal: Built to "/Users/7cgames/Desktop/four/wechatgame" successfully
2019-04-04T10:24:17.168Z - normal: Initializing...

2019-04-04T10:24:17.172Z - normal: idePortFile: /Users/7cgames/Library/Application Support/微信web开发者工具/Default/.ide

2019-04-04T10:24:17.201Z - normal: IDE server has started, listening on http://127.0.0.1:62857

2019-04-04T10:24:17.202Z - normal: initialization finished

2019-04-04T10:24:17.337Z - error: StatusCodeError: 400 - "{\"code\":40000,\"error\":\"错误 {\\\"code\\\":400003,\\\"error\\\":\\\"已存在相同 AppID 和 projectname 的项目（路径），请修改后重试\\\"}\"}"

    at Socket.<anonymous> (/Applications/CocosCreator.app/Contents/Resources/app.asar/editor/core/wechat-game.js:1:900)
    at emitOne (events.js:96:13)
    at Socket.emit (events.js:191:7)
    at readableAddChunk (_stream_readable.js:178:18)
    at Socket.Readable.push (_stream_readable.js:136:10)
    at Pipe.onread (net.js:560:20)
2019-04-04T10:28:24.792Z - warn: Can not serialize 'CCClass.m_BlockData' because the specified type is anonymous, please provide a class name or set the 'serializable' attribute of 'CCClass.m_BlockData' to 'false'.
2019-04-04T10:28:24.794Z - warn: Can not serialize 'CCClass.m_subPackageDatas' because the specified type is anonymous, please provide a class name or set the 'serializable' attribute of 'CCClass.m_subPackageDatas' to 'false'.
2019-04-04T10:28:24.794Z - warn: Can not serialize 'GameDataManagerJS.m_PackageDatas' because the specified type is anonymous, please provide a class name or set the 'serializable' attribute of 'GameDataManagerJS.m_PackageDatas' to 'false'.
2019-04-04T10:28:24.795Z - warn: Can not serialize 'GameDataManagerJS.m_gameBoxInfoList' because the specified type is anonymous, please provide a class name or set the 'serializable' attribute of 'GameDataManagerJS.m_gameBoxInfoList' to 'false'.
2019-04-04T10:28:24.812Z - warn: Should not specify class name RankJS for Component which defines in project.
2019-04-04T10:28:24.824Z - warn: Can not instantiate CCClass 'undefined' with arguments.
2019-04-04T10:28:24.825Z - warn: The 'type' attribute of 'gameplay.m_pHintBlock' is undefined when loading script
2019-04-04T10:43:47.439Z - warn: Can not serialize 'CCClass.m_BlockData' because the specified type is anonymous, please provide a class name or set the 'serializable' attribute of 'CCClass.m_BlockData' to 'false'.
2019-04-04T10:43:47.441Z - warn: Can not serialize 'CCClass.m_subPackageDatas' because the specified type is anonymous, please provide a class name or set the 'serializable' attribute of 'CCClass.m_subPackageDatas' to 'false'.
2019-04-04T10:43:47.441Z - warn: Can not serialize 'GameDataManagerJS.m_PackageDatas' because the specified type is anonymous, please provide a class name or set the 'serializable' attribute of 'GameDataManagerJS.m_PackageDatas' to 'false'.
2019-04-04T10:43:47.441Z - warn: Can not serialize 'GameDataManagerJS.m_gameBoxInfoList' because the specified type is anonymous, please provide a class name or set the 'serializable' attribute of 'GameDataManagerJS.m_gameBoxInfoList' to 'false'.
2019-04-04T10:43:47.488Z - warn: Should not specify class name RankJS for Component which defines in project.
2019-04-04T10:43:47.506Z - warn: Can not instantiate CCClass 'undefined' with arguments.
2019-04-04T10:43:47.508Z - warn: The 'type' attribute of 'gameplay.m_pHintBlock' is undefined when loading script
2019-04-04T10:43:57.427Z - error: prefab 没有保存，请先保存相关信息再进行构建。
    at Editor.Ipc.sendToPanel (/Applications/CocosCreator.app/Contents/Resources/app.asar/editor/builtin/builder/panel/builder.js:1:7273)
    at EventEmitter.o.on.n (/Applications/CocosCreator.app/Contents/Resources/app.asar/editor-framework/lib/renderer/ipc.js:1:3753)
    at emitMany (events.js:127:13)
    at EventEmitter.emit (events.js:204:7)
2019-04-04T10:44:00.288Z - error: prefab 没有保存，请先保存相关信息再进行构建。
    at Editor.Ipc.sendToPanel (/Applications/CocosCreator.app/Contents/Resources/app.asar/editor/builtin/builder/panel/builder.js:1:7273)
    at EventEmitter.o.on.n (/Applications/CocosCreator.app/Contents/Resources/app.asar/editor-framework/lib/renderer/ipc.js:1:3753)
    at emitMany (events.js:127:13)
    at EventEmitter.emit (events.js:204:7)
2019-04-04T10:44:00.881Z - error: prefab 没有保存，请先保存相关信息再进行构建。
    at Editor.Ipc.sendToPanel (/Applications/CocosCreator.app/Contents/Resources/app.asar/editor/builtin/builder/panel/builder.js:1:7273)
    at EventEmitter.o.on.n (/Applications/CocosCreator.app/Contents/Resources/app.asar/editor-framework/lib/renderer/ipc.js:1:3753)
    at emitMany (events.js:127:13)
    at EventEmitter.emit (events.js:204:7)
2019-04-04T10:44:01.056Z - error: prefab 没有保存，请先保存相关信息再进行构建。
    at Editor.Ipc.sendToPanel (/Applications/CocosCreator.app/Contents/Resources/app.asar/editor/builtin/builder/panel/builder.js:1:7273)
    at EventEmitter.o.on.n (/Applications/CocosCreator.app/Contents/Resources/app.asar/editor-framework/lib/renderer/ipc.js:1:3753)
    at emitMany (events.js:127:13)
    at EventEmitter.emit (events.js:204:7)
2019-04-04T10:44:01.240Z - error: prefab 没有保存，请先保存相关信息再进行构建。
    at Editor.Ipc.sendToPanel (/Applications/CocosCreator.app/Contents/Resources/app.asar/editor/builtin/builder/panel/builder.js:1:7273)
    at EventEmitter.o.on.n (/Applications/CocosCreator.app/Contents/Resources/app.asar/editor-framework/lib/renderer/ipc.js:1:3753)
    at emitMany (events.js:127:13)
    at EventEmitter.emit (events.js:204:7)
2019-04-04T10:44:03.101Z - normal: Initializing...

2019-04-04T10:44:03.106Z - normal: idePortFile: /Users/7cgames/Library/Application Support/微信web开发者工具/Default/.ide

2019-04-04T10:44:03.136Z - normal: IDE server has started, listening on http://127.0.0.1:62857

2019-04-04T10:44:03.136Z - normal: initialization finished

2019-04-04T10:44:03.329Z - error: StatusCodeError: 400 - "{\"code\":40000,\"error\":\"错误 {\\\"code\\\":400003,\\\"error\\\":\\\"已存在相同 AppID 和 projectname 的项目（路径），请修改后重试\\\"}\"}"

    at Socket.<anonymous> (/Applications/CocosCreator.app/Contents/Resources/app.asar/editor/core/wechat-game.js:1:900)
    at emitOne (events.js:96:13)
    at Socket.emit (events.js:191:7)
    at readableAddChunk (_stream_readable.js:178:18)
    at Socket.Readable.push (_stream_readable.js:136:10)
    at Pipe.onread (net.js:560:20)
2019-04-04T10:45:26.924Z - warn: Can not serialize 'CCClass.m_BlockData' because the specified type is anonymous, please provide a class name or set the 'serializable' attribute of 'CCClass.m_BlockData' to 'false'.
2019-04-04T10:45:26.940Z - warn: Can not serialize 'CCClass.m_subPackageDatas' because the specified type is anonymous, please provide a class name or set the 'serializable' attribute of 'CCClass.m_subPackageDatas' to 'false'.
2019-04-04T10:45:26.940Z - warn: Can not serialize 'GameDataManagerJS.m_PackageDatas' because the specified type is anonymous, please provide a class name or set the 'serializable' attribute of 'GameDataManagerJS.m_PackageDatas' to 'false'.
2019-04-04T10:45:26.941Z - warn: Can not serialize 'GameDataManagerJS.m_gameBoxInfoList' because the specified type is anonymous, please provide a class name or set the 'serializable' attribute of 'GameDataManagerJS.m_gameBoxInfoList' to 'false'.
2019-04-04T10:45:26.949Z - warn: Should not specify class name RankJS for Component which defines in project.
2019-04-04T10:45:26.955Z - warn: Can not instantiate CCClass 'undefined' with arguments.
2019-04-04T10:45:26.956Z - warn: The 'type' attribute of 'gameplay.m_pHintBlock' is undefined when loading script
2019-04-04T10:45:40.046Z - warn: Can not serialize 'CCClass.m_BlockData' because the specified type is anonymous, please provide a class name or set the 'serializable' attribute of 'CCClass.m_BlockData' to 'false'.
2019-04-04T10:45:40.046Z - warn: Can not serialize 'CCClass.m_subPackageDatas' because the specified type is anonymous, please provide a class name or set the 'serializable' attribute of 'CCClass.m_subPackageDatas' to 'false'.
2019-04-04T10:45:40.047Z - warn: Can not serialize 'GameDataManagerJS.m_PackageDatas' because the specified type is anonymous, please provide a class name or set the 'serializable' attribute of 'GameDataManagerJS.m_PackageDatas' to 'false'.
2019-04-04T10:45:40.047Z - warn: Can not serialize 'GameDataManagerJS.m_gameBoxInfoList' because the specified type is anonymous, please provide a class name or set the 'serializable' attribute of 'GameDataManagerJS.m_gameBoxInfoList' to 'false'.
2019-04-04T10:45:40.058Z - warn: Should not specify class name RankJS for Component which defines in project.
2019-04-04T10:45:40.062Z - warn: Can not instantiate CCClass 'undefined' with arguments.
2019-04-04T10:45:40.063Z - warn: The 'type' attribute of 'gameplay.m_pHintBlock' is undefined when loading script
2019-04-04T10:45:41.905Z - normal: Start building with options : {
  "actualPlatform": "wechatgame",
  "android-instant": {
    "REMOTE_SERVER_ROOT": "",
    "host": "",
    "pathPattern": "",
    "recordPath": "",
    "scheme": "https",
    "skipRecord": false
  },
  "apiLevel": "",
  "appABIs": [],
  "appBundle": false,
  "baidugame": {
    "REMOTE_SERVER_ROOT": "",
    "appid": "testappid",
    "orientation": "portrait",
    "subContext": ""
  },
  "buildPath": "/Users/7cgames/Desktop/four",
  "debug": false,
  "dest": "/Users/7cgames/Desktop/four/wechatgame",
  "embedWebDebugger": false,
  "encryptJs": true,
  "excludeScenes": [],
  "excludedModules": [
    "Dynamic Atlas",
    "ParticleSystem",
    "TiledMap",
    "Spine Skeleton",
    "DragonBones",
    "RichText",
    "MotionStreak",
    "EditBox",
    "Collider",
    "Physics",
    "NodePool"
  ],
  "fb-instant-games": {},
  "includeSDKBox": false,
  "inlineSpriteFrames": true,
  "inlineSpriteFrames_native": true,
  "md5Cache": false,
  "mergeStartScene": false,
  "optimizeHotUpdate": false,
  "orientation": {
    "landscapeLeft": true,
    "landscapeRight": true,
    "portrait": false,
    "upsideDown": false
  },
  "packageName": "org.cocos2d.CAR",
  "platform": "wechatgame",
  "previewHeight": "720",
  "previewWidth": "1280",
  "qqplay": {
    "REMOTE_SERVER_ROOT": "",
    "orientation": "portrait",
    "zip": false
  },
  "scenes": [
    "0d9abb2f-8a01-4c5a-b0fb-453c4cc2170e",
    "ced5f993-1674-4443-9160-26b7059d628e",
    "bfbf8a0c-6a55-43d2-86b8-c436ab5c50c3",
    "cec502e6-6932-4ae0-bac4-6d742f717410",
    "a43eae38-e844-4285-86b0-6dfaf3cdc003"
  ],
  "sourceMaps": false,
  "startScene": "0d9abb2f-8a01-4c5a-b0fb-453c4cc2170e",
  "template": "link",
  "title": "CAR",
  "useDebugKeystore": true,
  "vsVersion": "auto",
  "webOrientation": "auto",
  "wechatgame": {
    "REMOTE_SERVER_ROOT": "",
    "appid": "",
    "orientation": "portrait",
    "subContext": "cargame"
  },
  "xxteaKey": "5396257e-6229-4e",
  "zipCompressJs": true,
  "project": "/Users/7cgames/Desktop/four/CAR",
  "projectName": "CAR",
  "debugBuildWorker": false
}
2019-04-04T10:45:41.907Z - normal: Building /Users/7cgames/Desktop/four/CAR
2019-04-04T10:45:41.907Z - normal: Destination /Users/7cgames/Desktop/four/wechatgame
2019-04-04T10:45:41.908Z - normal: Delete /Users/7cgames/Desktop/four/wechatgame/subpackages/**/*,/Users/7cgames/Desktop/four/wechatgame/**/*,!/Users/7cgames/Desktop/four/wechatgame/cargame,!/Users/7cgames/Desktop/four/wechatgame/cargame/**/*
2019-04-04T10:45:45.657Z - normal: Start building assets
2019-04-04T10:45:45.657Z - normal: Start spawn build-worker
2019-04-04T10:45:46.305Z - normal: Finish spawn build-worker
2019-04-04T10:45:46.305Z - normal: Start init build-worker
2019-04-04T10:45:50.660Z - normal: Initializing...

2019-04-04T10:45:50.665Z - normal: idePortFile: /Users/7cgames/Library/Application Support/微信web开发者工具/Default/.ide

2019-04-04T10:45:50.710Z - normal: starting ide...

2019-04-04T10:45:52.981Z - warn: Can not serialize 'CCClass.m_BlockData' because the specified type is anonymous, please provide a class name or set the 'serializable' attribute of 'CCClass.m_BlockData' to 'false'.
2019-04-04T10:45:52.981Z - warn: Can not serialize 'CCClass.m_subPackageDatas' because the specified type is anonymous, please provide a class name or set the 'serializable' attribute of 'CCClass.m_subPackageDatas' to 'false'.
2019-04-04T10:45:52.983Z - warn: Can not serialize 'GameDataManagerJS.m_PackageDatas' because the specified type is anonymous, please provide a class name or set the 'serializable' attribute of 'GameDataManagerJS.m_PackageDatas' to 'false'.
2019-04-04T10:45:52.983Z - warn: Can not serialize 'GameDataManagerJS.m_gameBoxInfoList' because the specified type is anonymous, please provide a class name or set the 'serializable' attribute of 'GameDataManagerJS.m_gameBoxInfoList' to 'false'.
2019-04-04T10:45:53.010Z - warn: The 'type' attribute of 'gameplay.m_pHintBlock' is undefined when loading script
2019-04-04T10:45:53.020Z - normal: Finish init build-worker
2019-04-04T10:45:53.020Z - normal: Start build-assets in worker
2019-04-04T10:45:56.379Z - normal: Finish build-assets in worker
2019-04-04T10:45:56.381Z - normal: Finish building assets
2019-04-04T10:45:56.451Z - normal: Start building plugin scripts
2019-04-04T10:45:56.496Z - normal: Generating main.js from /Applications/CocosCreator.app/Contents/Resources/static/build-templates/shares/main.js
2019-04-04T10:45:57.689Z - normal: Built to "/Users/7cgames/Desktop/four/wechatgame" successfully
2019-04-04T10:45:59.486Z - normal: IDE server has started, listening on http://127.0.0.1:61292

2019-04-04T10:45:59.568Z - normal: initialization finished

2019-04-04T10:46:00.072Z - error: StatusCodeError: 400 - "{\"code\":40000,\"error\":\"错误 {\\\"code\\\":400003,\\\"error\\\":\\\"已存在相同 AppID 和 projectname 的项目（路径），请修改后重试\\\"}\"}"

    at Socket.<anonymous> (/Applications/CocosCreator.app/Contents/Resources/app.asar/editor/core/wechat-game.js:1:900)
    at emitOne (events.js:96:13)
    at Socket.emit (events.js:191:7)
    at readableAddChunk (_stream_readable.js:178:18)
    at Socket.Readable.push (_stream_readable.js:136:10)
    at Pipe.onread (net.js:560:20)
2019-04-04T11:01:31.344Z - warn: Can not serialize 'CCClass.m_BlockData' because the specified type is anonymous, please provide a class name or set the 'serializable' attribute of 'CCClass.m_BlockData' to 'false'.
2019-04-04T11:01:31.345Z - warn: Can not serialize 'CCClass.m_subPackageDatas' because the specified type is anonymous, please provide a class name or set the 'serializable' attribute of 'CCClass.m_subPackageDatas' to 'false'.
2019-04-04T11:01:31.346Z - warn: Can not serialize 'GameDataManagerJS.m_PackageDatas' because the specified type is anonymous, please provide a class name or set the 'serializable' attribute of 'GameDataManagerJS.m_PackageDatas' to 'false'.
2019-04-04T11:01:31.346Z - warn: Can not serialize 'GameDataManagerJS.m_gameBoxInfoList' because the specified type is anonymous, please provide a class name or set the 'serializable' attribute of 'GameDataManagerJS.m_gameBoxInfoList' to 'false'.
2019-04-04T11:01:31.369Z - warn: Should not specify class name RankJS for Component which defines in project.
2019-04-04T11:01:31.380Z - warn: Can not instantiate CCClass 'undefined' with arguments.
2019-04-04T11:01:31.383Z - warn: The 'type' attribute of 'gameplay.m_pHintBlock' is undefined when loading script
2019-04-04T11:02:56.753Z - info: shutdown preview server
